<?xml version="1.0" encoding="UTF-8"?>
<!-- Generated by org.testng.reporters.JUnitReportReporter -->
<testsuite hostname="RLE0468" name="example.NewTest" tests="1" failures="0" timestamp="11 Dec 2017 07:58:21 GMT" time="29.304" errors="0">
  <testcase name="testgooglrsearch" time="29.304" classname="example.NewTest"/>
</testsuite> <!-- example.NewTest -->
